{"type":"server-started","port":63554,"host":"127.0.0.1","url_host":"localhost","url":"http://localhost:63554","screen_dir":"/Users/hejianglong/Desktop/code/reader/.superpowers/brainstorm/59641-1782114281/content","state_dir":"/Users/hejianglong/Desktop/code/reader/.superpowers/brainstorm/59641-1782114281/state"}
{"type":"screen-added","file":"/Users/hejianglong/Desktop/code/reader/.superpowers/brainstorm/59641-1782114281/content/use-case.html"}
{"source":"user-event","type":"click","text":"C\n    \n      混合使用\n      既看小说也看文档，希望一款应用覆盖所有需求","choice":"mixed","id":null,"timestamp":1782114322883}
{"source":"user-event","type":"click","text":"C\n    \n      混合使用\n      既看小说也看文档，希望一款应用覆盖所有需求","choice":"mixed","id":null,"timestamp":1782114325353}
{"type":"screen-added","file":"/Users/hejianglong/Desktop/code/reader/.superpowers/brainstorm/59641-1782114281/content/features.html"}
{"source":"user-event","type":"click","text":"F\n    \n      字体/排版自定义\n      调整字体大小、行距、背景色、暗黑模式","choice":"font","id":null,"timestamp":1782114357029}
{"source":"user-event","type":"click","text":"L\n    \n      书架管理\n      分类整理书籍，按标签/文件夹分组","choice":"collection","id":null,"timestamp":1782114357749}
{"source":"user-event","type":"click","text":"T\n    \n      目录导航\n      通过目录快速跳转到指定章节","choice":"toc","id":null,"timestamp":1782114360258}
{"source":"user-event","type":"click","text":"S\n    \n      全文搜索\n      在书中快速搜索关键词，跳转到对应位置","choice":"search","id":null,"timestamp":1782114360812}
{"type":"screen-added","file":"/Users/hejianglong/Desktop/code/reader/.superpowers/brainstorm/59641-1782114281/content/style.html"}
{"source":"user-event","type":"click","text":"温暖纸质\n      Kindle/实体书质感，暖色调，模拟纸张触感，护眼舒适","choice":"warm","id":null,"timestamp":1782114396202}
{"type":"screen-added","file":"/Users/hejianglong/Desktop/code/reader/.superpowers/brainstorm/59641-1782114281/content/layout.html"}
{"type":"screen-added","file":"/Users/hejianglong/Desktop/code/reader/.superpowers/brainstorm/59641-1782114281/content/color.html"}
{"type":"screen-added","file":"/Users/hejianglong/Desktop/code/reader/.superpowers/brainstorm/59641-1782114281/content/tech.html"}
{"type":"screen-added","file":"/Users/hejianglong/Desktop/code/reader/.superpowers/brainstorm/59641-1782114281/content/main-layout.html"}
{"type":"screen-updated","file":"/Users/hejianglong/Desktop/code/reader/.superpowers/brainstorm/59641-1782114281/content/main-layout.html"}
{"type":"screen-added","file":"/Users/hejianglong/Desktop/code/reader/.superpowers/brainstorm/59641-1782114281/content/scroll.html"}
{"source":"user-event","type":"click","text":"C\n    \n      双模式可切换\n      默认连续滚动，用户可在设置中切换为翻页模式。两种模式各自保存偏好。","choice":"both","id":null,"timestamp":1782116348967}
{"type":"screen-added","file":"/Users/hejianglong/Desktop/code/reader/.superpowers/brainstorm/59641-1782114281/content/highlight.html"}
{"type":"screen-added","file":"/Users/hejianglong/Desktop/code/reader/.superpowers/brainstorm/59641-1782114281/content/interactions.html"}
{"type":"screen-updated","file":"/Users/hejianglong/Desktop/code/reader/.superpowers/brainstorm/59641-1782114281/content/interactions.html"}
{"type":"screen-added","file":"/Users/hejianglong/Desktop/code/reader/.superpowers/brainstorm/59641-1782114281/content/data-model.html"}
{"type":"screen-added","file":"/Users/hejianglong/Desktop/code/reader/.superpowers/brainstorm/59641-1782114281/content/formats.html"}
{"type":"screen-added","file":"/Users/hejianglong/Desktop/code/reader/.superpowers/brainstorm/59641-1782114281/content/shortcuts.html"}
{"type":"screen-added","file":"/Users/hejianglong/Desktop/code/reader/.superpowers/brainstorm/59641-1782114281/content/structure.html"}
{"type":"server-stopped","reason":"idle timeout"}
